#
# There is insufficient memory for the Java Runtime Environment to continue.
# Native memory allocation (mmap) failed to map 268435456 bytes for G1 virtual space
# Possible reasons:
#   The system is out of physical RAM or swap space
#   The process is running with CompressedOops enabled, and the Java Heap may be blocking the growth of the native heap
# Possible solutions:
#   Reduce memory load on the system
#   Increase physical memory or swap space
#   Check if swap backing store is full
#   Decrease Java heap size (-Xmx/-Xms)
#   Decrease number of Java threads
#   Decrease Java thread stack sizes (-Xss)
#   Set larger code cache with -XX:ReservedCodeCacheSize=
#   JVM is running with Zero Based Compressed Oops mode in which the Java heap is
#     placed in the first 32GB address space. The Java Heap base address is the
#     maximum limit for the native heap growth. Please use -XX:HeapBaseMinAddress
#     to set the Java Heap base and to place the Java Heap above 32GB virtual address.
# This output file may be truncated or incomplete.
#
#  Out of Memory Error (os_windows.cpp:3769), pid=11672, tid=12056
#
# JRE version:  (17.0.6) (build )
# Java VM: OpenJDK 64-Bit Server VM (17.0.6+0-b2043.56-10027231, mixed mode, sharing, tiered, compressed oops, compressed class ptrs, g1 gc, windows-amd64)
# No core dump will be written. Minidumps are not enabled by default on client versions of Windows
#

---------------  S U M M A R Y ------------

Command Line: git4idea.http.GitAskPassApp Username for 'https://github.com': 

Host: Intel(R) Core(TM) i7-6700 CPU @ 3.40GHz, 8 cores, 15G,  Windows 10 , 64 bit Build 19041 (10.0.19041.3155)
Time: Mon Nov  4 19:44:00 2024 Hora oficial do Brasil elapsed time: 0.017164 seconds (0d 0h 0m 0s)

---------------  T H R E A D  ---------------

Current thread (0x0000026260b08020):  JavaThread "Unknown thread" [_thread_in_vm, id=12056, stack(0x00000087bda00000,0x00000087bdb00000)]

Stack: [0x00000087bda00000,0x00000087bdb00000]
Native frames: (J=compiled Java code, j=interpreted, Vv=VM code, C=native code)
V  [jvm.dll+0x683c9a]
V  [jvm.dll+0x8427a4]
V  [jvm.dll+0x843f9e]
V  [jvm.dll+0x844603]
V  [jvm.dll+0x249b75]
V  [jvm.dll+0x680b69]
V  [jvm.dll+0x67505a]
V  [jvm.dll+0x309acb]
V  [jvm.dll+0x310f86]
V  [jvm.dll+0x3608ee]
V  [jvm.dll+0x360b1f]
V  [jvm.dll+0x2dfbf8]
V  [jvm.dll+0x2e0b64]
V  [jvm.dll+0x814091]
V  [jvm.dll+0x36e6a1]
V  [jvm.dll+0x7f35cc]
V  [jvm.dll+0x3f0e8f]
V  [jvm.dll+0x3f29d1]
C  [jli.dll+0x526b]
C  [ucrtbase.dll+0x21bb2]
C  [KERNEL32.DLL+0x17614]
C  [ntdll.dll+0x526b1]


---------------  P R O C E S S  ---------------

Threads class SMR info:
_java_thread_list=0x00007ff9118dc058, length=0, elements={
}

Java Threads: ( => current thread )

Other Threads:
  0x0000026260b73100 GCTaskThread "GC Thread#0" [stack: 0x00000087bdb00000,0x00000087bdc00000] [id=9304]
  0x0000026260b83e50 ConcurrentGCThread "G1 Main Marker" [stack: 0x00000087bdc00000,0x00000087bdd00000] [id=9728]
  0x0000026260b85000 ConcurrentGCThread "G1 Conc#0" [stack: 0x00000087bdd00000,0x00000087bde00000] [id=5064]

[error occurred during error reporting (printing all threads), id 0xc0000005, EXCEPTION_ACCESS_VIOLATION (0xc0000005) at pc=0x00007ff911090797]

VM state: not at safepoint (not fully initialized)

VM Mutex/Monitor currently owned by a thread:  ([mutex/lock_event])
[0x0000026260b02c20] Heap_lock - owner thread: 0x0000026260b08020

Heap address: 0x0000000701e00000, size: 4066 MB, Compressed Oops mode: Zero based, Oop shift amount: 3

CDS archive(s) mapped at: [0x0000000000000000-0x0000000000000000-0x0000000000000000), size 0, SharedBaseAddress: 0x0000000800000000, ArchiveRelocationMode: 0.
Narrow klass base: 0x0000000000000000, Narrow klass shift: 0, Narrow klass range: 0x0

GC Precious Log:
<Empty>

Heap:
 garbage-first heap   total 0K, used 0K [0x0000000701e00000, 0x0000000800000000)
  region size 2048K, 0 young (0K), 0 survivors (0K)

[error occurred during error reporting (printing heap information), id 0xc0000005, EXCEPTION_ACCESS_VIOLATION (0xc0000005) at pc=0x00007ff91147da89]

GC Heap History (0 events):
No events

Dll operation events (1 events):
Event: 0.011 Loaded shared library C:\Program Files\Android\Android Studio\jbr\bin\java.dll

Deoptimization events (0 events):
No events

Classes unloaded (0 events):
No events

Classes redefined (0 events):
No events

Internal exceptions (0 events):
No events

VM Operations (0 events):
No events

Events (0 events):
No events


Dynamic libraries:
0x00007ff7c9730000 - 0x00007ff7c973a000 	C:\Program Files\Android\Android Studio\jbr\bin\java.exe
0x00007ff95e3d0000 - 0x00007ff95e5c8000 	C:\Windows\SYSTEM32\ntdll.dll
0x00007ff95d530000 - 0x00007ff95d5ef000 	C:\Windows\System32\KERNEL32.DLL
0x00007ff95bea0000 - 0x00007ff95c196000 	C:\Windows\System32\KERNELBASE.dll
0x00007ff95bb40000 - 0x00007ff95bc40000 	C:\Windows\System32\ucrtbase.dll
0x00007ff910ac0000 - 0x00007ff910ad7000 	C:\Program Files\Android\Android Studio\jbr\bin\jli.dll
0x00007ff91a240000 - 0x00007ff91a25b000 	C:\Program Files\Android\Android Studio\jbr\bin\VCRUNTIME140.dll
0x00007ff95d7b0000 - 0x00007ff95d94d000 	C:\Windows\System32\USER32.dll
0x00007ff95bc40000 - 0x00007ff95bc62000 	C:\Windows\System32\win32u.dll
0x00007ff948320000 - 0x00007ff9485ba000 	C:\Windows\WinSxS\amd64_microsoft.windows.common-controls_6595b64144ccf1df_6.0.19041.1110_none_60b5254171f9507e\COMCTL32.dll
0x00007ff95d680000 - 0x00007ff95d6ac000 	C:\Windows\System32\GDI32.dll
0x00007ff95d6b0000 - 0x00007ff95d74e000 	C:\Windows\System32\msvcrt.dll
0x00007ff95bd80000 - 0x00007ff95be95000 	C:\Windows\System32\gdi32full.dll
0x00007ff95bce0000 - 0x00007ff95bd7d000 	C:\Windows\System32\msvcp_win.dll
0x00007ff95c430000 - 0x00007ff95c460000 	C:\Windows\System32\IMM32.DLL
0x0000026260150000 - 0x0000026260164000 	C:\Windows\System32\umppc18613.dll
0x0000026260190000 - 0x00000262601a2000 	C:\Windows\System32\CsXumd64_18613.dll
0x00007ff92c730000 - 0x00007ff92c73c000 	C:\Program Files\Android\Android Studio\jbr\bin\vcruntime140_1.dll
0x00007ff8e0d70000 - 0x00007ff8e0dfd000 	C:\Program Files\Android\Android Studio\jbr\bin\msvcp140.dll
0x00007ff910da0000 - 0x00007ff911a0e000 	C:\Program Files\Android\Android Studio\jbr\bin\server\jvm.dll
0x00007ff95d100000 - 0x00007ff95d1af000 	C:\Windows\System32\ADVAPI32.dll
0x00007ff95cd30000 - 0x00007ff95cdcc000 	C:\Windows\System32\sechost.dll
0x00007ff95d400000 - 0x00007ff95d526000 	C:\Windows\System32\RPCRT4.dll
0x00007ff914d30000 - 0x00007ff914d39000 	C:\Windows\SYSTEM32\WSOCK32.dll
0x00007ff95d610000 - 0x00007ff95d67b000 	C:\Windows\System32\WS2_32.dll
0x00007ff94d2f0000 - 0x00007ff94d317000 	C:\Windows\SYSTEM32\WINMM.dll
0x00007ff953400000 - 0x00007ff95340a000 	C:\Windows\SYSTEM32\VERSION.dll
0x00007ff959620000 - 0x00007ff959632000 	C:\Windows\SYSTEM32\kernel.appcore.dll
0x00007ff914a90000 - 0x00007ff914a9a000 	C:\Program Files\Android\Android Studio\jbr\bin\jimage.dll
0x00007ff93d2c0000 - 0x00007ff93d4a4000 	C:\Windows\SYSTEM32\DBGHELP.DLL
0x00007ff93d280000 - 0x00007ff93d2b4000 	C:\Windows\SYSTEM32\dbgcore.DLL
0x00007ff95bab0000 - 0x00007ff95bb32000 	C:\Windows\System32\bcryptPrimitives.dll
0x00007ff911f60000 - 0x00007ff911f85000 	C:\Program Files\Android\Android Studio\jbr\bin\java.dll

dbghelp: loaded successfully - version: 4.0.5 - missing functions: none
symbol engine: initialized successfully - sym options: 0x614 - pdb path: .;C:\Program Files\Android\Android Studio\jbr\bin;C:\Windows\SYSTEM32;C:\Windows\WinSxS\amd64_microsoft.windows.common-controls_6595b64144ccf1df_6.0.19041.1110_none_60b5254171f9507e;C:\Program Files\Android\Android Studio\jbr\bin\server

VM Arguments:
java_command: git4idea.http.GitAskPassApp Username for 'https://github.com': 
java_class_path (initial): C:/Program Files/Android/Android Studio/plugins/vcs-git/lib/git4idea-rt.jar;C:/Program Files/Android/Android Studio/lib/externalProcess-rt.jar;C:/Program Files/Android/Android Studio/lib/app.jar;C:/Program Files/Android/Android Studio/lib/3rd-party-rt.jar
Launcher Type: SUN_STANDARD

[Global flags]
     intx CICompilerCount                          = 4                                         {product} {ergonomic}
     uint ConcGCThreads                            = 2                                         {product} {ergonomic}
     uint G1ConcRefinementThreads                  = 8                                         {product} {ergonomic}
   size_t G1HeapRegionSize                         = 2097152                                   {product} {ergonomic}
    uintx GCDrainStackTargetSize                   = 64                                        {product} {ergonomic}
   size_t InitialHeapSize                          = 268435456                                 {product} {ergonomic}
   size_t MarkStackSize                            = 4194304                                   {product} {ergonomic}
   size_t MaxHeapSize                              = 4263510016                                {product} {ergonomic}
   size_t MinHeapDeltaBytes                        = 2097152                                   {product} {ergonomic}
   size_t MinHeapSize                              = 8388608                                   {product} {ergonomic}
    uintx NonNMethodCodeHeapSize                   = 5839372                                {pd product} {ergonomic}
    uintx NonProfiledCodeHeapSize                  = 122909434                              {pd product} {ergonomic}
    uintx ProfiledCodeHeapSize                     = 122909434                              {pd product} {ergonomic}
    uintx ReservedCodeCacheSize                    = 251658240                              {pd product} {ergonomic}
     bool SegmentedCodeCache                       = true                                      {product} {ergonomic}
   size_t SoftMaxHeapSize                          = 4263510016                             {manageable} {ergonomic}
     bool UseCompressedClassPointers               = true                           {product lp64_product} {ergonomic}
     bool UseCompressedOops                        = true                           {product lp64_product} {ergonomic}
     bool UseG1GC                                  = true                                      {product} {ergonomic}
     bool UseLargePagesIndividualAllocation        = false                                  {pd product} {ergonomic}

Logging:
Log output configuration:
 #0: stdout all=warning uptime,level,tags
 #1: stderr all=off uptime,level,tags

Environment Variables:
PATH=C:/Users/profsl/AppData/Local/Programs/Git/mingw64/libexec/git-core;C:/Users/profsl/AppData/Local/Programs/Git/mingw64/libexec/git-core;C:\Users\profsl\AppData\Local\Programs\Git\mingw64\bin;C:\Users\profsl\AppData\Local\Programs\Git\usr\bin;C:\Users\profsl\bin;C:\Program Files (x86)\Common Files\Oracle\Java\java8path;C:\Program Files (x86)\Common Files\Oracle\Java\javapath;C:\Windows\system32;C:\Windows;C:\Windows\System32\Wbem;C:\Windows\System32\WindowsPowerShell\v1.0\;C:\Windows\System32\OpenSSH\;C:\Program Files (x86)\Microsoft SQL Server\160\Tools\Binn\;C:\Program Files\Microsoft SQL Server\160\Tools\Binn\;C:\Program Files\Microsoft SQL Server\Client SDK\ODBC\170\Tools\Binn\;C:\Program Files\Microsoft SQL Server\160\DTS\Binn\;C:\Program Files (x86)\Microsoft SQL Server\160\DTS\Binn\;C:\Program Files\Azure Data Studio\bin;C:\Program Files\dotnet\;C:\Program Files (x86)\Intel\Intel(R) Management Engine Components\DAL;C:\Program Files\Intel\Intel(R) Management Engine Components\DAL;C:\Users\profsl\AppData\Local\Microsoft\WindowsApps;C:\Users\profsl\AppData\Local\Programs\Git\cmd
USERNAME=profsl
DISPLAY=:0.0
LC_ALL=en_US.UTF-8
TERM=xterm-256color
TMPDIR=C:\Users\profsl\AppData\Local\Temp
OS=Windows_NT
PROCESSOR_IDENTIFIER=Intel64 Family 6 Model 94 Stepping 3, GenuineIntel
TMP=C:\Users\profsl\AppData\Local\Temp
TEMP=C:\Users\profsl\AppData\Local\Temp


JNI global refs:

[error occurred during error reporting (JNI global references), id 0xc0000005, EXCEPTION_ACCESS_VIOLATION (0xc0000005) at pc=0x00007ff910e57a10]


---------------  S Y S T E M  ---------------

OS:
 Windows 10 , 64 bit Build 19041 (10.0.19041.3155)
OS uptime: 0 days 0:39 hours

CPU: total 8 (initial active 8) (4 cores per cpu, 2 threads per core) family 6 model 94 stepping 3 microcode 0xcc, cx8, cmov, fxsr, ht, mmx, 3dnowpref, sse, sse2, sse3, ssse3, sse4.1, sse4.2, popcnt, lzcnt, tsc, tscinvbit, avx, avx2, aes, erms, clmul, bmi1, bmi2, rtm, adx, fma, vzeroupper, clflush, clflushopt

Memory: 4k page, system-wide physical 16263M (2159M free)
TotalPageFile size 16263M (AvailPageFile size 240M)
current process WorkingSet (physical memory assigned to process): 10M, peak: 10M
current process commit charge ("private bytes"): 60M, peak: 316M

vm_info: OpenJDK 64-Bit Server VM (17.0.6+0-b2043.56-10027231) for windows-amd64 JRE (17.0.6+0-b2043.56-10027231), built on Apr 28 2023 00:43:19 by "androidbuild" with MS VC++ 16.10 / 16.11 (VS2019)

END.
